# JRE version: Java(TM) SE Runtime Environment (8.0_20-b26) (build 1.8.0_20-b26)
# Java VM: Java HotSpot(TM) 64-Bit Server VM (25.20-b23 mixed mode windows-amd64 compressed oops)
Heap:
 PSYoungGen      total 109568K, used 71948K [0x000000076b580000, 0x0000000774080000, 0x00000007c0000000)
  eden space 93696K, 59% used [0x000000076b580000,0x000000076ec46990,0x0000000771100000)
  from space 15872K, 99% used [0x0000000771100000,0x000000077207c908,0x0000000772080000)
  to   space 13824K, 0% used [0x0000000772080000,0x0000000772080000,0x0000000772e00000)
 ParOldGen       total 116224K, used 19656K [0x00000006c2000000, 0x00000006c9180000, 0x000000076b580000)
  object space 116224K, 16% used [0x00000006c2000000,0x00000006c3332078,0x00000006c9180000)
 Metaspace       used 23890K, capacity 24484K, committed 24752K, reserved 1071104K
  class space    used 2780K, capacity 2964K, committed 2992K, reserved 1048576K
GC Heap History (10 events):
Event: 4.156 GC heap before
{Heap before GC invocations=4 (full 0):
 PSYoungGen      total 75776K, used 64768K [0x000000076b580000, 0x0000000770a00000, 0x00000007c0000000)
  eden space 65024K, 85% used [0x000000076b580000,0x000000076eb7ef50,0x000000076f500000)
  from space 10752K, 88% used [0x000000076f500000,0x000000076fe413f0,0x000000076ff80000)
  to   space 10752K, 0% used [0x000000076ff80000,0x000000076ff80000,0x0000000770a00000)
 ParOldGen       total 173568K, used 40K [0x00000006c2000000, 0x00000006cc980000, 0x000000076b580000)
  object space 173568K, 0% used [0x00000006c2000000,0x00000006c200a000,0x00000006cc980000)
 Metaspace       used 20675K, capacity 21184K, committed 21296K, reserved 1069056K
  class space    used 2422K, capacity 2589K, committed 2608K, reserved 1048576K
Event: 4.163 GC heap after
Heap after GC invocations=4 (full 0):
 PSYoungGen      total 75776K, used 10728K [0x000000076b580000, 0x0000000770a00000, 0x00000007c0000000)
  eden space 65024K, 0% used [0x000000076b580000,0x000000076b580000,0x000000076f500000)
  from space 10752K, 99% used [0x000000076ff80000,0x00000007709fa040,0x0000000770a00000)
  to   space 10752K, 0% used [0x000000076f500000,0x000000076f500000,0x000000076ff80000)
 ParOldGen       total 173568K, used 2191K [0x00000006c2000000, 0x00000006cc980000, 0x000000076b580000)
  object space 173568K, 1% used [0x00000006c2000000,0x00000006c2223d90,0x00000006cc980000)
 Metaspace       used 20675K, capacity 21184K, committed 21296K, reserved 1069056K
  class space    used 2422K, capacity 2589K, committed 2608K, reserved 1048576K
}
Event: 4.163 GC heap before
{Heap before GC invocations=5 (full 1):
 PSYoungGen      total 75776K, used 10728K [0x000000076b580000, 0x0000000770a00000, 0x00000007c0000000)
  eden space 65024K, 0% used [0x000000076b580000,0x000000076b580000,0x000000076f500000)
  from space 10752K, 99% used [0x000000076ff80000,0x00000007709fa040,0x0000000770a00000)
  to   space 10752K, 0% used [0x000000076f500000,0x000000076f500000,0x000000076ff80000)
 ParOldGen       total 173568K, used 2191K [0x00000006c2000000, 0x00000006cc980000, 0x000000076b580000)
  object space 173568K, 1% used [0x00000006c2000000,0x00000006c2223d90,0x00000006cc980000)
 Metaspace       used 20675K, capacity 21184K, committed 21296K, reserved 1069056K
  class space    used 2422K, capacity 2589K, committed 2608K, reserved 1048576K
Event: 4.198 GC heap after
Heap after GC invocations=5 (full 1):
 PSYoungGen      total 75776K, used 0K [0x000000076b580000, 0x0000000770a00000, 0x00000007c0000000)
  eden space 65024K, 0% used [0x000000076b580000,0x000000076b580000,0x000000076f500000)
  from space 10752K, 0% used [0x000000076ff80000,0x000000076ff80000,0x0000000770a00000)
  to   space 10752K, 0% used [0x000000076f500000,0x000000076f500000,0x000000076ff80000)
 ParOldGen       total 116224K, used 12640K [0x00000006c2000000, 0x00000006c9180000, 0x000000076b580000)
  object space 116224K, 10% used [0x00000006c2000000,0x00000006c2c58108,0x00000006c9180000)
 Metaspace       used 20675K, capacity 21184K, committed 21296K, reserved 1069056K
  class space    used 2422K, capacity 2589K, committed 2608K, reserved 1048576K
}
Event: 4.809 GC heap before
{Heap before GC invocations=6 (full 1):
 PSYoungGen      total 75776K, used 65024K [0x000000076b580000, 0x0000000770a00000, 0x00000007c0000000)
  eden space 65024K, 100% used [0x000000076b580000,0x000000076f500000,0x000000076f500000)
  from space 10752K, 0% used [0x000000076ff80000,0x000000076ff80000,0x0000000770a00000)
  to   space 10752K, 0% used [0x000000076f500000,0x000000076f500000,0x000000076ff80000)
 ParOldGen       total 116224K, used 12640K [0x00000006c2000000, 0x00000006c9180000, 0x000000076b580000)
  object space 116224K, 10% used [0x00000006c2000000,0x00000006c2c58108,0x00000006c9180000)
 Metaspace       used 23827K, capacity 24388K, committed 24496K, reserved 1071104K
  class space    used 2777K, capacity 2932K, committed 2992K, reserved 1048576K
Event: 4.816 GC heap after
Heap after GC invocations=6 (full 1):
 PSYoungGen      total 75776K, used 10732K [0x000000076b580000, 0x0000000772e00000, 0x00000007c0000000)
  eden space 65024K, 0% used [0x000000076b580000,0x000000076b580000,0x000000076f500000)
  from space 10752K, 99% used [0x000000076f500000,0x000000076ff7b3f8,0x000000076ff80000)
  to   space 13824K, 0% used [0x0000000772080000,0x0000000772080000,0x0000000772e00000)
 ParOldGen       total 116224K, used 13600K [0x00000006c2000000, 0x00000006c9180000, 0x000000076b580000)
  object space 116224K, 11% used [0x00000006c2000000,0x00000006c2d48358,0x00000006c9180000)
 Metaspace       used 23827K, capacity 24388K, committed 24496K, reserved 1071104K
  class space    used 2777K, capacity 2932K, committed 2992K, reserved 1048576K
}
Event: 5.037 GC heap before
{Heap before GC invocations=7 (full 1):
 PSYoungGen      total 75776K, used 75756K [0x000000076b580000, 0x0000000772e00000, 0x00000007c0000000)
  eden space 65024K, 100% used [0x000000076b580000,0x000000076f500000,0x000000076f500000)
  from space 10752K, 99% used [0x000000076f500000,0x000000076ff7b3f8,0x000000076ff80000)
  to   space 13824K, 0% used [0x0000000772080000,0x0000000772080000,0x0000000772e00000)
 ParOldGen       total 116224K, used 13600K [0x00000006c2000000, 0x00000006c9180000, 0x000000076b580000)
  object space 116224K, 11% used [0x00000006c2000000,0x00000006c2d48358,0x00000006c9180000)
 Metaspace       used 23880K, capacity 24484K, committed 24752K, reserved 1071104K
  class space    used 2780K, capacity 2964K, committed 2992K, reserved 1048576K
Event: 5.050 GC heap after
Heap after GC invocations=7 (full 1):
 PSYoungGen      total 107520K, used 13800K [0x000000076b580000, 0x0000000774080000, 0x00000007c0000000)
  eden space 93696K, 0% used [0x000000076b580000,0x000000076b580000,0x0000000771100000)
  from space 13824K, 99% used [0x0000000772080000,0x0000000772dfa208,0x0000000772e00000)
  to   space 15872K, 0% used [0x0000000771100000,0x0000000771100000,0x0000000772080000)
 ParOldGen       total 116224K, used 15234K [0x00000006c2000000, 0x00000006c9180000, 0x000000076b580000)
  object space 116224K, 13% used [0x00000006c2000000,0x00000006c2ee0858,0x00000006c9180000)
 Metaspace       used 23880K, capacity 24484K, committed 24752K, reserved 1071104K
  class space    used 2780K, capacity 2964K, committed 2992K, reserved 1048576K
}
Event: 5.335 GC heap before
{Heap before GC invocations=8 (full 1):
 PSYoungGen      total 107520K, used 107496K [0x000000076b580000, 0x0000000774080000, 0x00000007c0000000)
  eden space 93696K, 100% used [0x000000076b580000,0x0000000771100000,0x0000000771100000)
  from space 13824K, 99% used [0x0000000772080000,0x0000000772dfa208,0x0000000772e00000)
  to   space 15872K, 0% used [0x0000000771100000,0x0000000771100000,0x0000000772080000)
 ParOldGen       total 116224K, used 15234K [0x00000006c2000000, 0x00000006c9180000, 0x000000076b580000)
  object space 116224K, 13% used [0x00000006c2000000,0x00000006c2ee0858,0x00000006c9180000)
 Metaspace       used 23887K, capacity 24484K, committed 24752K, reserved 1071104K
  class space    used 2780K, capacity 2964K, committed 2992K, reserved 1048576K
Event: 5.351 GC heap after
Heap after GC invocations=8 (full 1):
 PSYoungGen      total 109568K, used 15858K [0x000000076b580000, 0x0000000774080000, 0x00000007c0000000)
  eden space 93696K, 0% used [0x000000076b580000,0x000000076b580000,0x0000000771100000)
  from space 15872K, 99% used [0x0000000771100000,0x000000077207c908,0x0000000772080000)
  to   space 13824K, 0% used [0x0000000772080000,0x0000000772080000,0x0000000772e00000)
 ParOldGen       total 116224K, used 19656K [0x00000006c2000000, 0x00000006c9180000, 0x000000076b580000)
  object space 116224K, 16% used [0x00000006c2000000,0x00000006c3332078,0x00000006c9180000)
 Metaspace       used 23887K, capacity 24484K, committed 24752K, reserved 1071104K
  class space    used 2780K, capacity 2964K, committed 2992K, reserved 1048576K
}

