# JRE version: Java(TM) SE Runtime Environment (8.0_20-b26) (build 1.8.0_20-b26)
# Java VM: Java HotSpot(TM) 64-Bit Server VM (25.20-b23 mixed mode windows-amd64 compressed oops)
Heap:
 PSYoungGen      total 177152K, used 113003K [0x000000076b580000, 0x0000000778280000, 0x00000007c0000000)
  eden space 157184K, 59% used [0x000000076b580000,0x00000007710604f0,0x0000000774f00000)
  from space 19968K, 99% used [0x0000000776580000,0x00000007778fa7d8,0x0000000777900000)
  to   space 23040K, 0% used [0x0000000774f00000,0x0000000774f00000,0x0000000776580000)
 ParOldGen       total 117248K, used 21841K [0x00000006c2000000, 0x00000006c9280000, 0x000000076b580000)
  object space 117248K, 18% used [0x00000006c2000000,0x00000006c35545c8,0x00000006c9280000)
 Metaspace       used 31069K, capacity 31772K, committed 31920K, reserved 1077248K
  class space    used 3731K, capacity 3933K, committed 4016K, reserved 1048576K
GC Heap History (10 events):
Event: 3.766 GC heap before
{Heap before GC invocations=5 (full 1):
 PSYoungGen      total 75776K, used 10748K [0x000000076b580000, 0x0000000770a00000, 0x00000007c0000000)
  eden space 65024K, 0% used [0x000000076b580000,0x000000076b580000,0x000000076f500000)
  from space 10752K, 99% used [0x000000076ff80000,0x00000007709ff1f8,0x0000000770a00000)
  to   space 10752K, 0% used [0x000000076f500000,0x000000076f500000,0x000000076ff80000)
 ParOldGen       total 173568K, used 2190K [0x00000006c2000000, 0x00000006cc980000, 0x000000076b580000)
  object space 173568K, 1% used [0x00000006c2000000,0x00000006c2223a10,0x00000006cc980000)
 Metaspace       used 20660K, capacity 21180K, committed 21296K, reserved 1069056K
  class space    used 2420K, capacity 2589K, committed 2608K, reserved 1048576K
Event: 3.801 GC heap after
Heap after GC invocations=5 (full 1):
 PSYoungGen      total 75776K, used 0K [0x000000076b580000, 0x0000000770a00000, 0x00000007c0000000)
  eden space 65024K, 0% used [0x000000076b580000,0x000000076b580000,0x000000076f500000)
  from space 10752K, 0% used [0x000000076ff80000,0x000000076ff80000,0x0000000770a00000)
  to   space 10752K, 0% used [0x000000076f500000,0x000000076f500000,0x000000076ff80000)
 ParOldGen       total 117248K, used 12619K [0x00000006c2000000, 0x00000006c9280000, 0x000000076b580000)
  object space 117248K, 10% used [0x00000006c2000000,0x00000006c2c52ca0,0x00000006c9280000)
 Metaspace       used 20660K, capacity 21180K, committed 21296K, reserved 1069056K
  class space    used 2420K, capacity 2589K, committed 2608K, reserved 1048576K
}
Event: 4.312 GC heap before
{Heap before GC invocations=6 (full 1):
 PSYoungGen      total 75776K, used 65024K [0x000000076b580000, 0x0000000770a00000, 0x00000007c0000000)
  eden space 65024K, 100% used [0x000000076b580000,0x000000076f500000,0x000000076f500000)
  from space 10752K, 0% used [0x000000076ff80000,0x000000076ff80000,0x0000000770a00000)
  to   space 10752K, 0% used [0x000000076f500000,0x000000076f500000,0x000000076ff80000)
 ParOldGen       total 117248K, used 12619K [0x00000006c2000000, 0x00000006c9280000, 0x000000076b580000)
  object space 117248K, 10% used [0x00000006c2000000,0x00000006c2c52ca0,0x00000006c9280000)
 Metaspace       used 23821K, capacity 24480K, committed 24752K, reserved 1071104K
  class space    used 2779K, capacity 2964K, committed 2992K, reserved 1048576K
Event: 4.318 GC heap after
Heap after GC invocations=6 (full 1):
 PSYoungGen      total 75776K, used 10735K [0x000000076b580000, 0x0000000772d80000, 0x00000007c0000000)
  eden space 65024K, 0% used [0x000000076b580000,0x000000076b580000,0x000000076f500000)
  from space 10752K, 99% used [0x000000076f500000,0x000000076ff7bea8,0x000000076ff80000)
  to   space 13824K, 0% used [0x0000000772000000,0x0000000772000000,0x0000000772d80000)
 ParOldGen       total 117248K, used 14279K [0x00000006c2000000, 0x00000006c9280000, 0x000000076b580000)
  object space 117248K, 12% used [0x00000006c2000000,0x00000006c2df1d60,0x00000006c9280000)
 Metaspace       used 23821K, capacity 24480K, committed 24752K, reserved 1071104K
  class space    used 2779K, capacity 2964K, committed 2992K, reserved 1048576K
}
Event: 4.519 GC heap before
{Heap before GC invocations=7 (full 1):
 PSYoungGen      total 75776K, used 75759K [0x000000076b580000, 0x0000000772d80000, 0x00000007c0000000)
  eden space 65024K, 100% used [0x000000076b580000,0x000000076f500000,0x000000076f500000)
  from space 10752K, 99% used [0x000000076f500000,0x000000076ff7bea8,0x000000076ff80000)
  to   space 13824K, 0% used [0x0000000772000000,0x0000000772000000,0x0000000772d80000)
 ParOldGen       total 117248K, used 14279K [0x00000006c2000000, 0x00000006c9280000, 0x000000076b580000)
  object space 117248K, 12% used [0x00000006c2000000,0x00000006c2df1d60,0x00000006c9280000)
 Metaspace       used 23863K, capacity 24480K, committed 24752K, reserved 1071104K
  class space    used 2779K, capacity 2964K, committed 2992K, reserved 1048576K
Event: 4.528 GC heap after
Heap after GC invocations=7 (full 1):
 PSYoungGen      total 106496K, used 13801K [0x000000076b580000, 0x0000000773d80000, 0x00000007c0000000)
  eden space 92672K, 0% used [0x000000076b580000,0x000000076b580000,0x0000000771000000)
  from space 13824K, 99% used [0x0000000772000000,0x0000000772d7a498,0x0000000772d80000)
  to   space 16384K, 0% used [0x0000000771000000,0x0000000771000000,0x0000000772000000)
 ParOldGen       total 117248K, used 15794K [0x00000006c2000000, 0x00000006c9280000, 0x000000076b580000)
  object space 117248K, 13% used [0x00000006c2000000,0x00000006c2f6cb90,0x00000006c9280000)
 Metaspace       used 23863K, capacity 24480K, committed 24752K, reserved 1071104K
  class space    used 2779K, capacity 2964K, committed 2992K, reserved 1048576K
}
Event: 4.781 GC heap before
{Heap before GC invocations=8 (full 1):
 PSYoungGen      total 106496K, used 106473K [0x000000076b580000, 0x0000000773d80000, 0x00000007c0000000)
  eden space 92672K, 100% used [0x000000076b580000,0x0000000771000000,0x0000000771000000)
  from space 13824K, 99% used [0x0000000772000000,0x0000000772d7a498,0x0000000772d80000)
  to   space 16384K, 0% used [0x0000000771000000,0x0000000771000000,0x0000000772000000)
 ParOldGen       total 117248K, used 15794K [0x00000006c2000000, 0x00000006c9280000, 0x000000076b580000)
  object space 117248K, 13% used [0x00000006c2000000,0x00000006c2f6cb90,0x00000006c9280000)
 Metaspace       used 23867K, capacity 24480K, committed 24752K, reserved 1071104K
  class space    used 2779K, capacity 2964K, committed 2992K, reserved 1048576K
Event: 4.795 GC heap after
Heap after GC invocations=8 (full 1):
 PSYoungGen      total 109056K, used 16371K [0x000000076b580000, 0x0000000777900000, 0x00000007c0000000)
  eden space 92672K, 0% used [0x000000076b580000,0x000000076b580000,0x0000000771000000)
  from space 16384K, 99% used [0x0000000771000000,0x0000000771ffcd28,0x0000000772000000)
  to   space 19968K, 0% used [0x0000000776580000,0x0000000776580000,0x0000000777900000)
 ParOldGen       total 117248K, used 19782K [0x00000006c2000000, 0x00000006c9280000, 0x000000076b580000)
  object space 117248K, 16% used [0x00000006c2000000,0x00000006c3351ac0,0x00000006c9280000)
 Metaspace       used 23867K, capacity 24480K, committed 24752K, reserved 1071104K
  class space    used 2779K, capacity 2964K, committed 2992K, reserved 1048576K
}
Event: 5.047 GC heap before
{Heap before GC invocations=9 (full 1):
 PSYoungGen      total 109056K, used 109043K [0x000000076b580000, 0x0000000777900000, 0x00000007c0000000)
  eden space 92672K, 100% used [0x000000076b580000,0x0000000771000000,0x0000000771000000)
  from space 16384K, 99% used [0x0000000771000000,0x0000000771ffcd28,0x0000000772000000)
  to   space 19968K, 0% used [0x0000000776580000,0x0000000776580000,0x0000000777900000)
 ParOldGen       total 117248K, used 19782K [0x00000006c2000000, 0x00000006c9280000, 0x000000076b580000)
  object space 117248K, 16% used [0x00000006c2000000,0x00000006c3351ac0,0x00000006c9280000)
 Metaspace       used 23883K, capacity 24480K, committed 24752K, reserved 1071104K
  class space    used 2781K, capacity 2964K, committed 2992K, reserved 1048576K
Event: 5.059 GC heap after
Heap after GC invocations=9 (full 1):
 PSYoungGen      total 177152K, used 19945K [0x000000076b580000, 0x0000000778280000, 0x00000007c0000000)
  eden space 157184K, 0% used [0x000000076b580000,0x000000076b580000,0x0000000774f00000)
  from space 19968K, 99% used [0x0000000776580000,0x00000007778fa7d8,0x0000000777900000)
  to   space 23040K, 0% used [0x0000000774f00000,0x0000000774f00000,0x0000000776580000)
 ParOldGen       total 117248K, used 21841K [0x00000006c2000000, 0x00000006c9280000, 0x000000076b580000)
  object space 117248K, 18% used [0x00000006c2000000,0x00000006c35545c8,0x00000006c9280000)
 Metaspace       used 23883K, capacity 24480K, committed 24752K, reserved 1071104K
  class space    used 2781K, capacity 2964K, committed 2992K, reserved 1048576K
}

