# JRE version: Java(TM) SE Runtime Environment (8.0_20-b26) (build 1.8.0_20-b26)
# Java VM: Java HotSpot(TM) 64-Bit Server VM (25.20-b23 mixed mode windows-amd64 compressed oops)
Heap:
 PSYoungGen      total 185856K, used 10404K [0x000000076b580000, 0x0000000778900000, 0x00000007c0000000)
  eden space 162304K, 6% used [0x000000076b580000,0x000000076bfa90c8,0x0000000775400000)
  from space 23552K, 0% used [0x0000000775400000,0x0000000775400000,0x0000000776b00000)
  to   space 19968K, 0% used [0x0000000776b00000,0x0000000776b00000,0x0000000777e80000)
 ParOldGen       total 115200K, used 30586K [0x00000006c2000000, 0x00000006c9080000, 0x000000076b580000)
  object space 115200K, 26% used [0x00000006c2000000,0x00000006c3dde8f0,0x00000006c9080000)
 Metaspace       used 34891K, capacity 35836K, committed 36136K, reserved 1081344K
  class space    used 4065K, capacity 4317K, committed 4400K, reserved 1048576K
GC Heap History (10 events):
Event: 5.018 GC heap before
{Heap before GC invocations=7 (full 1):
 PSYoungGen      total 75776K, used 75753K [0x000000076b580000, 0x0000000772e80000, 0x00000007c0000000)
  eden space 65024K, 100% used [0x000000076b580000,0x000000076f500000,0x000000076f500000)
  from space 10752K, 99% used [0x000000076f500000,0x000000076ff7a790,0x000000076ff80000)
  to   space 13312K, 0% used [0x0000000772180000,0x0000000772180000,0x0000000772e80000)
 ParOldGen       total 115200K, used 13255K [0x00000006c2000000, 0x00000006c9080000, 0x000000076b580000)
  object space 115200K, 11% used [0x00000006c2000000,0x00000006c2cf1c30,0x00000006c9080000)
 Metaspace       used 23859K, capacity 24440K, committed 24752K, reserved 1071104K
  class space    used 2775K, capacity 2932K, committed 2992K, reserved 1048576K
Event: 5.026 GC heap after
Heap after GC invocations=7 (full 1):
 PSYoungGen      total 108032K, used 13288K [0x000000076b580000, 0x0000000773f00000, 0x00000007c0000000)
  eden space 94720K, 0% used [0x000000076b580000,0x000000076b580000,0x0000000771200000)
  from space 13312K, 99% used [0x0000000772180000,0x0000000772e7a3e0,0x0000000772e80000)
  to   space 15872K, 0% used [0x0000000771200000,0x0000000771200000,0x0000000772180000)
 ParOldGen       total 115200K, used 15269K [0x00000006c2000000, 0x00000006c9080000, 0x000000076b580000)
  object space 115200K, 13% used [0x00000006c2000000,0x00000006c2ee96d0,0x00000006c9080000)
 Metaspace       used 23859K, capacity 24440K, committed 24752K, reserved 1071104K
  class space    used 2775K, capacity 2932K, committed 2992K, reserved 1048576K
}
Event: 5.237 GC heap before
{Heap before GC invocations=8 (full 1):
 PSYoungGen      total 108032K, used 108008K [0x000000076b580000, 0x0000000773f00000, 0x00000007c0000000)
  eden space 94720K, 100% used [0x000000076b580000,0x0000000771200000,0x0000000771200000)
  from space 13312K, 99% used [0x0000000772180000,0x0000000772e7a3e0,0x0000000772e80000)
  to   space 15872K, 0% used [0x0000000771200000,0x0000000771200000,0x0000000772180000)
 ParOldGen       total 115200K, used 15269K [0x00000006c2000000, 0x00000006c9080000, 0x000000076b580000)
  object space 115200K, 13% used [0x00000006c2000000,0x00000006c2ee96d0,0x00000006c9080000)
 Metaspace       used 23883K, capacity 24472K, committed 24752K, reserved 1071104K
  class space    used 2777K, capacity 2964K, committed 2992K, reserved 1048576K
Event: 5.247 GC heap after
Heap after GC invocations=8 (full 1):
 PSYoungGen      total 110592K, used 15859K [0x000000076b580000, 0x0000000777e80000, 0x00000007c0000000)
  eden space 94720K, 0% used [0x000000076b580000,0x000000076b580000,0x0000000771200000)
  from space 15872K, 99% used [0x0000000771200000,0x000000077217ce98,0x0000000772180000)
  to   space 19968K, 0% used [0x0000000776b00000,0x0000000776b00000,0x0000000777e80000)
 ParOldGen       total 115200K, used 20237K [0x00000006c2000000, 0x00000006c9080000, 0x000000076b580000)
  object space 115200K, 17% used [0x00000006c2000000,0x00000006c33c3550,0x00000006c9080000)
 Metaspace       used 23883K, capacity 24472K, committed 24752K, reserved 1071104K
  class space    used 2777K, capacity 2964K, committed 2992K, reserved 1048576K
}
Event: 5.566 GC heap before
{Heap before GC invocations=9 (full 1):
 PSYoungGen      total 110592K, used 110579K [0x000000076b580000, 0x0000000777e80000, 0x00000007c0000000)
  eden space 94720K, 100% used [0x000000076b580000,0x0000000771200000,0x0000000771200000)
  from space 15872K, 99% used [0x0000000771200000,0x000000077217ce98,0x0000000772180000)
  to   space 19968K, 0% used [0x0000000776b00000,0x0000000776b00000,0x0000000777e80000)
 ParOldGen       total 115200K, used 20237K [0x00000006c2000000, 0x00000006c9080000, 0x000000076b580000)
  object space 115200K, 17% used [0x00000006c2000000,0x00000006c33c3550,0x00000006c9080000)
 Metaspace       used 23883K, capacity 24472K, committed 24752K, reserved 1071104K
  class space    used 2777K, capacity 2964K, committed 2992K, reserved 1048576K
Event: 5.582 GC heap after
Heap after GC invocations=9 (full 1):
 PSYoungGen      total 182272K, used 19958K [0x000000076b580000, 0x0000000778900000, 0x00000007c0000000)
  eden space 162304K, 0% used [0x000000076b580000,0x000000076b580000,0x0000000775400000)
  from space 19968K, 99% used [0x0000000776b00000,0x0000000777e7d8d0,0x0000000777e80000)
  to   space 23552K, 0% used [0x0000000775400000,0x0000000775400000,0x0000000776b00000)
 ParOldGen       total 115200K, used 22950K [0x00000006c2000000, 0x00000006c9080000, 0x000000076b580000)
  object space 115200K, 19% used [0x00000006c2000000,0x00000006c3669b18,0x00000006c9080000)
 Metaspace       used 23883K, capacity 24472K, committed 24752K, reserved 1071104K
  class space    used 2777K, capacity 2964K, committed 2992K, reserved 1048576K
}
Event: 6.684 GC heap before
{Heap before GC invocations=10 (full 1):
 PSYoungGen      total 182272K, used 133285K [0x000000076b580000, 0x0000000778900000, 0x00000007c0000000)
  eden space 162304K, 69% used [0x000000076b580000,0x000000077242be58,0x0000000775400000)
  from space 19968K, 99% used [0x0000000776b00000,0x0000000777e7d8d0,0x0000000777e80000)
  to   space 23552K, 0% used [0x0000000775400000,0x0000000775400000,0x0000000776b00000)
 ParOldGen       total 115200K, used 22950K [0x00000006c2000000, 0x00000006c9080000, 0x000000076b580000)
  object space 115200K, 19% used [0x00000006c2000000,0x00000006c3669b18,0x00000006c9080000)
 Metaspace       used 34601K, capacity 35390K, committed 35496K, reserved 1081344K
  class space    used 4038K, capacity 4260K, committed 4272K, reserved 1048576K
Event: 6.697 GC heap after
Heap after GC invocations=10 (full 1):
 PSYoungGen      total 185856K, used 18449K [0x000000076b580000, 0x0000000778900000, 0x00000007c0000000)
  eden space 162304K, 0% used [0x000000076b580000,0x000000076b580000,0x0000000775400000)
  from space 23552K, 78% used [0x0000000775400000,0x00000007766044a8,0x0000000776b00000)
  to   space 19968K, 0% used [0x0000000776b00000,0x0000000776b00000,0x0000000777e80000)
 ParOldGen       total 115200K, used 25713K [0x00000006c2000000, 0x00000006c9080000, 0x000000076b580000)
  object space 115200K, 22% used [0x00000006c2000000,0x00000006c391c608,0x00000006c9080000)
 Metaspace       used 34601K, capacity 35390K, committed 35496K, reserved 1081344K
  class space    used 4038K, capacity 4260K, committed 4272K, reserved 1048576K
}
Event: 6.697 GC heap before
{Heap before GC invocations=11 (full 2):
 PSYoungGen      total 185856K, used 18449K [0x000000076b580000, 0x0000000778900000, 0x00000007c0000000)
  eden space 162304K, 0% used [0x000000076b580000,0x000000076b580000,0x0000000775400000)
  from space 23552K, 78% used [0x0000000775400000,0x00000007766044a8,0x0000000776b00000)
  to   space 19968K, 0% used [0x0000000776b00000,0x0000000776b00000,0x0000000777e80000)
 ParOldGen       total 115200K, used 25713K [0x00000006c2000000, 0x00000006c9080000, 0x000000076b580000)
  object space 115200K, 22% used [0x00000006c2000000,0x00000006c391c608,0x00000006c9080000)
 Metaspace       used 34601K, capacity 35390K, committed 35496K, reserved 1081344K
  class space    used 4038K, capacity 4260K, committed 4272K, reserved 1048576K
Event: 6.764 GC heap after
Heap after GC invocations=11 (full 2):
 PSYoungGen      total 185856K, used 0K [0x000000076b580000, 0x0000000778900000, 0x00000007c0000000)
  eden space 162304K, 0% used [0x000000076b580000,0x000000076b580000,0x0000000775400000)
  from space 23552K, 0% used [0x0000000775400000,0x0000000775400000,0x0000000776b00000)
  to   space 19968K, 0% used [0x0000000776b00000,0x0000000776b00000,0x0000000777e80000)
 ParOldGen       total 115200K, used 30586K [0x00000006c2000000, 0x00000006c9080000, 0x000000076b580000)
  object space 115200K, 26% used [0x00000006c2000000,0x00000006c3dde8f0,0x00000006c9080000)
 Metaspace       used 34570K, capacity 35334K, committed 35496K, reserved 1081344K
  class space    used 4032K, capacity 4250K, committed 4272K, reserved 1048576K
}

